   203.6ms (setup:858): 2024-11-22 18:01:37
   203.7ms (setup:859): /usr/bin/pipx install djangorestframework
   203.8ms (setup:860): pipx version is 1.4.3
   203.8ms (setup:861): Default python interpreter is '/usr/bin/python3'
   203.9ms (mkdir:74): creating directory /home/ilia/.local/share/pipx/venvs
   204.5ms (mkdir:74): creating directory /home/ilia/.local/bin
   204.8ms (mkdir:74): creating directory /home/ilia/.local/share/man
   205.0ms (mkdir:74): creating directory /home/ilia/.cache/pipx
   205.2ms (setup:870): Adding CACHEDIR.TAG to cache directory
   206.8ms (package_name_from_spec:370): Determined package name: djangorestframework
   206.8ms (package_name_from_spec:371): Package name determined in 0.0s
   207.8ms (run_subprocess:168): running /usr/bin/python3 -m venv --without-pip /home/ilia/.local/share/pipx/venvs/djangorestframework
   282.7ms (run_subprocess:190): stdout:
   282.8ms (run_subprocess:192): stderr:
   282.8ms (run_subprocess:193): returncode: 0
   284.1ms (run_subprocess:168): running /usr/bin/python3 -m venv --clear /home/ilia/.local/share/pipx/shared
  6782.7ms (run_subprocess:190): stdout:
  6782.8ms (run_subprocess:192): stderr:
  6782.9ms (run_subprocess:193): returncode: 0
  6783.6ms (run_subprocess:168): running <checking pip's availability>
  6813.5ms (run_subprocess:190): stdout: ModuleSpec(name='pip', loader=<_frozen_importlib_external.SourceFileLoader object at 0x7f8840dbfe60>, origin='/home/ilia/.local/share/pipx/shared/lib/python3.12/site-packages/pip/__init__.py', submodule_search_locations=['/home/ilia/.local/share/pipx/shared/lib/python3.12/site-packages/pip'])
  6813.6ms (run_subprocess:193): returncode: 0
  6813.7ms (upgrade:98): Upgrading shared libraries in /home/ilia/.local/share/pipx/shared
  6814.4ms (run_subprocess:168): running /home/ilia/.local/share/pipx/shared/bin/python -m pip --no-input --disable-pip-version-check install --force-reinstall -q --upgrade pip >= 23.1
 10726.4ms (run_subprocess:190): stdout:
 10726.5ms (run_subprocess:192): stderr:
 10726.5ms (run_subprocess:193): returncode: 0
 10727.3ms (run_subprocess:168): running /home/ilia/.local/share/pipx/venvs/djangorestframework/bin/python -c import sysconfig; print(sysconfig.get_path('purelib'))
 10757.9ms (run_subprocess:190): stdout: /home/ilia/.local/share/pipx/venvs/djangorestframework/lib/python3.12/site-packages
 10758.0ms (run_subprocess:193): returncode: 0
 10758.2ms (run_subprocess:168): running /home/ilia/.local/share/pipx/shared/bin/python -c import sysconfig; print(sysconfig.get_path('purelib'))
 10788.0ms (run_subprocess:190): stdout: /home/ilia/.local/share/pipx/shared/lib/python3.12/site-packages
 10788.1ms (run_subprocess:193): returncode: 0
 10788.5ms (run_subprocess:168): running /home/ilia/.local/share/pipx/venvs/djangorestframework/bin/python --version
 10791.0ms (run_subprocess:190): stdout: Python 3.12.3
 10791.1ms (run_subprocess:192): stderr:
 10791.2ms (run_subprocess:193): returncode: 0
 10791.5ms (_parsed_package_to_package_or_url:137): cleaned package spec: djangorestframework
 10792.2ms (run_subprocess:168): running /home/ilia/.local/share/pipx/venvs/djangorestframework/bin/python -m pip --no-input install djangorestframework
 16348.9ms (run_subprocess:193): returncode: 0
 16349.9ms (run_subprocess:168): running <fetch_info_in_venv commands>
 16387.6ms (run_subprocess:190): stdout: {"sys_path": ["/usr/lib/python312.zip", "/usr/lib/python3.12", "/usr/lib/python3.12/lib-dynload", "/home/ilia/.local/share/pipx/venvs/djangorestframework/lib/python3.12/site-packages", "/home/ilia/.local/share/pipx/shared/lib/python3.12/site-packages"], "python_version": "3.12.3", "environment": {"implementation_name": "cpython", "implementation_version": "3.12.3", "os_name": "posix", "platform_machine": "x86_64", "platform_release": "5.15.167.4-microsoft-standard-WSL2", "platform_system": "Linux", "platform_version": "#1 SMP Tue Nov 5 00:21:55 UTC 2024", "python_full_version": "3.12.3", "platform_python_implementation": "CPython", "python_version": "3.12", "sys_platform": "linux"}}
 16387.7ms (run_subprocess:193): returncode: 0
 16700.8ms (get_venv_metadata_for_package:339): get_venv_metadata_for_package: 351ms
 16701.0ms (_parsed_package_to_package_or_url:137): cleaned package spec: djangorestframework
 16701.6ms (rmdir:55): removing directory /home/ilia/.local/share/pipx/venvs/djangorestframework
 17078.7ms (cli:924): PipxError: No apps associated with package djangorestframework. Try again with '--include-deps' to include apps of dependent packages, which are listed above. If you
are attempting to install a library, pipx should not be used. Consider using pip or a similar tool instead.
Traceback (most recent call last):
  File "/usr/lib/python3/dist-packages/pipx/main.py", line 921, in cli
    return run_pipx_command(parsed_pipx_args)
           ^^^^^^^^^^^^^^^^^^^^^^^^^^^^^^^^^^
  File "/usr/lib/python3/dist-packages/pipx/main.py", line 219, in run_pipx_command
    return commands.install(
           ^^^^^^^^^^^^^^^^^
  File "/usr/lib/python3/dist-packages/pipx/commands/install.py", line 100, in install
    run_post_install_actions(
  File "/usr/lib/python3/dist-packages/pipx/commands/common.py", line 427, in run_post_install_actions
    raise PipxError(
pipx.util.PipxError: No apps associated with package djangorestframework. Try again with '--include-deps' to include apps of dependent packages, which are listed above. If you
are attempting to install a library, pipx should not be used. Consider using pip or a similar tool instead.
 17080.1ms (cli:932): pipx finished.
