2024-11-22 18:48:22.851 [info] (Client) Pylance async client (2024.11.3) started with python extension (2024.20.0)
2024-11-22 18:48:23.551 [info] [Info  - 6:48:23 PM] (7956) Server root directory: file:///home/ilia/.vscode-server/extensions/ms-python.vscode-pylance-2024.11.3/dist
2024-11-22 18:48:23.552 [info] [Info  - 6:48:23 PM] (7956) Pylance language server 2024.11.3 (pyright version 1.1.386, commit 4180fa21) starting
2024-11-22 18:48:23.552 [info] [Info  - 6:48:23 PM] (7956) Starting service instance "myproject"
2024-11-22 18:48:23.741 [info] [Info  - 6:48:23 PM] (7956) Setting environmentName for service "myproject": "/home/ilia/myproject/venv/bin/python"
2024-11-22 18:48:23.742 [info] [Info  - 6:48:23 PM] (7956) No include entries specified; assuming /home/ilia/myproject
2024-11-22 18:48:23.743 [info] [Info  - 6:48:23 PM] (7956) Auto-excluding **/node_modules
2024-11-22 18:48:23.744 [info] [Info  - 6:48:23 PM] (7956) Auto-excluding **/__pycache__
2024-11-22 18:48:23.744 [info] [Info  - 6:48:23 PM] (7956) Auto-excluding **/.*
2024-11-22 18:48:23.917 [info] [Info  - 6:48:23 PM] (7956) Found 6 source files
2024-11-22 18:48:25.089 [info] [Info  - 6:48:25 PM] (7956) Background analysis(1) root directory: file:///home/ilia/.vscode-server/extensions/ms-python.vscode-pylance-2024.11.3/dist
2024-11-22 18:48:25.094 [info] [Info  - 6:48:25 PM] (7956) Background analysis(1) started
2024-11-22 18:48:25.579 [info] [Info  - 6:48:25 PM] (7956) Indexer background runner(2) root directory: file:///home/ilia/.vscode-server/extensions/ms-python.vscode-pylance-2024.11.3/dist (index)
2024-11-22 18:48:25.580 [info] [Info  - 6:48:25 PM] (7956) Indexing(2) started
2024-11-22 18:48:26.708 [info] [Info  - 6:48:26 PM] (7956) scanned(2) 81 files over 1 exec env
2024-11-22 18:48:27.310 [info] [Info  - 6:48:27 PM] (7956) indexed(2) 81 files over 1 exec env
2024-11-22 18:48:27.420 [info] [Info  - 6:48:27 PM] (7956) Indexing finished(2).
2024-11-22 18:56:07.074 [info] [Info  - 6:56:07 PM] (7956) Setting environmentName for service "myproject": "3.12.3 (myenv venv)"
2024-11-22 18:56:07.075 [info] [Info  - 6:56:07 PM] (7956) Setting pythonPath for service "myproject": "/home/ilia/myproject/myenv/bin/python"
2024-11-22 18:56:07.085 [info] [Info  - 6:56:07 PM] (7956) No include entries specified; assuming /home/ilia/myproject
2024-11-22 18:56:07.085 [info] [Info  - 6:56:07 PM] (7956) Auto-excluding **/node_modules
2024-11-22 18:56:07.085 [info] [Info  - 6:56:07 PM] (7956) Auto-excluding **/__pycache__
2024-11-22 18:56:07.085 [info] [Info  - 6:56:07 PM] (7956) Auto-excluding **/.*
2024-11-22 18:56:07.111 [info] [Info  - 6:56:07 PM] (7956) Assuming Python version 3.12.3.final.0
2024-11-22 18:56:07.199 [info] [Info  - 6:56:07 PM] (7956) Auto-excluding /home/ilia/myproject/myenv
2024-11-22 18:56:07.202 [info] [Info  - 6:56:07 PM] (7956) Found 6 source files
2024-11-22 18:56:08.320 [info] [Info  - 6:56:08 PM] (7956) Indexer background runner(3) root directory: file:///home/ilia/.vscode-server/extensions/ms-python.vscode-pylance-2024.11.3/dist (index)
2024-11-22 18:56:08.320 [info] [Info  - 6:56:08 PM] (7956) Indexing(3) started
2024-11-22 18:56:09.101 [info] [Info  - 6:56:09 PM] (7956) scanned(3) 10 files over 1 exec env
2024-11-22 18:56:08.705 [info] [Info  - 6:56:08 PM] (7956) indexed(3) 10 files over 1 exec env
2024-11-22 18:56:08.730 [info] [Info  - 6:56:08 PM] (7956) Indexing finished(3).
2024-11-22 18:56:42.480 [info] [Info  - 6:56:42 PM] (7956) Auto-excluding /home/ilia/myproject/myenv
2024-11-22 18:56:42.484 [info] [Info  - 6:56:42 PM] (7956) Found 6 source files
2024-11-22 18:56:44.935 [info] [Info  - 6:56:44 PM] (7956) Auto-excluding /home/ilia/myproject/myenv
2024-11-22 18:56:44.940 [info] [Info  - 6:56:44 PM] (7956) Found 6 source files
2024-11-22 18:56:45.809 [info] [Info  - 6:56:45 PM] (7956) Auto-excluding /home/ilia/myproject/myenv
2024-11-22 18:56:45.812 [info] [Info  - 6:56:45 PM] (7956) Found 6 source files
2024-11-22 18:56:53.549 [info] [Info  - 6:56:53 PM] (7956) Indexer background runner(4) root directory: file:///home/ilia/.vscode-server/extensions/ms-python.vscode-pylance-2024.11.3/dist (refresh)
2024-11-22 18:56:53.549 [info] [Info  - 6:56:53 PM] (7956) Indexing(4) started
2024-11-22 18:56:54.312 [info] [Info  - 6:56:54 PM] (7956) scanned(4) 30 files over 1 exec env
2024-11-22 18:56:55.214 [info] [Info  - 6:56:55 PM] (7956) indexed(4) 30 files over 1 exec env
2024-11-22 18:56:55.253 [info] [Info  - 6:56:55 PM] (7956) Indexing finished(4).
2024-11-22 19:05:01.851 [info] [Info  - 7:05:01 PM] (7956) Auto-excluding /home/ilia/myproject/myenv
2024-11-22 19:05:01.854 [info] [Info  - 7:05:01 PM] (7956) Found 6 source files
2024-11-22 19:05:07.766 [info] [Info  - 7:05:07 PM] (7956) Indexer background runner(5) root directory: file:///home/ilia/.vscode-server/extensions/ms-python.vscode-pylance-2024.11.3/dist (refresh)
2024-11-22 19:05:07.766 [info] [Info  - 7:05:07 PM] (7956) Indexing(5) started
2024-11-22 19:05:08.529 [info] [Info  - 7:05:08 PM] (7956) scanned(5) 32 files over 1 exec env
2024-11-22 19:05:08.948 [info] [Info  - 7:05:08 PM] (7956) indexed(5) 32 files over 1 exec env
2024-11-22 19:05:09.004 [info] [Info  - 7:05:09 PM] (7956) Indexing finished(5).
2024-11-22 19:08:31.094 [info] [Info  - 7:08:31 PM] (7956) Auto-excluding /home/ilia/myproject/myenv
2024-11-22 19:08:31.101 [info] [Info  - 7:08:31 PM] (7956) Found 13 source files
2024-11-22 19:10:29.093 [info] [Info  - 7:10:29 PM] (7956) Auto-excluding /home/ilia/myproject/myenv
2024-11-22 19:10:29.099 [info] [Info  - 7:10:29 PM] (7956) Found 14 source files
2024-11-22 19:11:54.930 [info] [Info  - 7:11:54 PM] (7956) Starting service instance "<default>"
2024-11-22 19:11:55.017 [info] [Info  - 7:11:55 PM] (7956) Setting environmentName for service "<default>": "3.12.3 (myenv venv)"
2024-11-22 19:11:55.017 [info] [Info  - 7:11:55 PM] (7956) Setting pythonPath for service "<default>": "/home/ilia/myproject/myenv/bin/python"
2024-11-22 19:11:55.017 [info] [Info  - 7:11:55 PM] (7956) No include entries specified; assuming /<default workspace root>
2024-11-22 19:11:55.018 [info] [Info  - 7:11:55 PM] (7956) Auto-excluding **/node_modules
2024-11-22 19:11:55.018 [info] [Info  - 7:11:55 PM] (7956) Auto-excluding **/__pycache__
2024-11-22 19:11:55.018 [info] [Info  - 7:11:55 PM] (7956) Auto-excluding **/.*
2024-11-22 19:11:55.058 [info] [Info  - 7:11:55 PM] (7956) Assuming Python version 3.12.3.final.0
2024-11-22 19:11:55.143 [info] [Error - 7:11:55 PM] (7956) File or directory "/<default workspace root>" does not exist.
2024-11-22 19:11:55.145 [info] [Info  - 7:11:55 PM] (7956) No source files found.
2024-11-22 19:11:55.974 [info] [Info  - 7:11:55 PM] (7956) Background analysis(6) root directory: file:///home/ilia/.vscode-server/extensions/ms-python.vscode-pylance-2024.11.3/dist
2024-11-22 19:11:55.981 [info] [Info  - 7:11:55 PM] (7956) Background analysis(6) started
2024-11-22 19:13:41.445 [info] [Info  - 7:13:41 PM] (7956) Auto-excluding /home/ilia/myproject/myenv
2024-11-22 19:13:41.464 [info] [Info  - 7:13:41 PM] (7956) Found 14 source files
2024-11-22 19:13:47.377 [info] [Info  - 7:13:47 PM] (7956) Indexer background runner(7) root directory: file:///home/ilia/.vscode-server/extensions/ms-python.vscode-pylance-2024.11.3/dist (refresh)
2024-11-22 19:13:47.377 [info] [Info  - 7:13:47 PM] (7956) Indexing(7) started
2024-11-22 19:13:47.039 [info] [Info  - 7:13:47 PM] (7956) scanned(7) 33 files over 1 exec env
2024-11-22 19:13:47.769 [info] [Info  - 7:13:47 PM] (7956) indexed(7) 33 files over 1 exec env
2024-11-22 19:13:47.813 [info] [Info  - 7:13:47 PM] (7956) Indexing finished(7).
