2024-11-22 18:48:21.214 [info] [main] Log level: Info
2024-11-22 18:48:21.214 [info] [main] Validating found git in: "git"
2024-11-22 18:48:21.214 [info] [main] Using git "2.43.0" from "git"
2024-11-22 18:48:21.214 [info] [Model][doInitialScan] Initial repository scan started
2024-11-22 18:48:21.214 [info] > git rev-parse --show-toplevel [154ms]
2024-11-22 18:48:21.214 [info] fatal: not a git repository (or any of the parent directories): .git
2024-11-22 18:48:21.214 [info] > git rev-parse --show-toplevel [11ms]
2024-11-22 18:48:21.214 [info] fatal: not a git repository (or any of the parent directories): .git
2024-11-22 18:48:21.215 [info] > git rev-parse --show-toplevel [7ms]
2024-11-22 18:48:21.215 [info] fatal: not a git repository (or any of the parent directories): .git
2024-11-22 18:48:21.215 [info] [Model][doInitialScan] Initial repository scan completed - repositories (0), closed repositories (0), parent repositories (0), unsafe repositories (0)
2024-11-22 19:01:28.398 [info] > git rev-parse --show-toplevel [3ms]
2024-11-22 19:01:28.398 [info] fatal: not a git repository (or any of the parent directories): .git
2024-11-22 19:01:28.408 [info] > git rev-parse --show-toplevel [1ms]
2024-11-22 19:01:28.408 [info] fatal: not a git repository (or any of the parent directories): .git
2024-11-22 19:01:28.419 [info] > git rev-parse --show-toplevel [2ms]
2024-11-22 19:01:28.419 [info] fatal: not a git repository (or any of the parent directories): .git
2024-11-22 19:01:28.433 [info] > git rev-parse --show-toplevel [4ms]
2024-11-22 19:01:28.433 [info] fatal: not a git repository (or any of the parent directories): .git
2024-11-22 19:01:28.475 [info] > git rev-parse --show-toplevel [32ms]
2024-11-22 19:01:28.475 [info] fatal: not a git repository (or any of the parent directories): .git
2024-11-22 19:01:28.486 [info] > git rev-parse --show-toplevel [2ms]
2024-11-22 19:01:28.486 [info] fatal: not a git repository (or any of the parent directories): .git
2024-11-22 19:01:28.498 [info] > git rev-parse --show-toplevel [3ms]
2024-11-22 19:01:28.498 [info] fatal: not a git repository (or any of the parent directories): .git
2024-11-22 19:01:28.510 [info] > git rev-parse --show-toplevel [2ms]
2024-11-22 19:01:28.510 [info] fatal: not a git repository (or any of the parent directories): .git
2024-11-22 19:01:28.526 [info] > git rev-parse --show-toplevel [5ms]
2024-11-22 19:01:28.526 [info] fatal: not a git repository (or any of the parent directories): .git
2024-11-22 19:01:28.538 [info] > git rev-parse --show-toplevel [4ms]
2024-11-22 19:01:28.538 [info] fatal: not a git repository (or any of the parent directories): .git
2024-11-22 19:01:28.549 [info] > git rev-parse --show-toplevel [1ms]
2024-11-22 19:01:28.549 [info] fatal: not a git repository (or any of the parent directories): .git
2024-11-22 19:01:28.558 [info] > git rev-parse --show-toplevel [2ms]
2024-11-22 19:01:28.558 [info] fatal: not a git repository (or any of the parent directories): .git
2024-11-22 19:01:28.569 [info] > git rev-parse --show-toplevel [2ms]
2024-11-22 19:01:28.569 [info] fatal: not a git repository (or any of the parent directories): .git
2024-11-22 19:01:28.577 [info] > git rev-parse --show-toplevel [2ms]
2024-11-22 19:01:28.577 [info] fatal: not a git repository (or any of the parent directories): .git
2024-11-22 19:01:28.591 [info] > git rev-parse --show-toplevel [3ms]
2024-11-22 19:01:28.591 [info] fatal: not a git repository (or any of the parent directories): .git
2024-11-22 19:01:28.606 [info] > git rev-parse --show-toplevel [7ms]
2024-11-22 19:01:28.606 [info] fatal: not a git repository (or any of the parent directories): .git
2024-11-22 19:01:28.614 [info] > git rev-parse --show-toplevel [2ms]
2024-11-22 19:01:28.614 [info] fatal: not a git repository (or any of the parent directories): .git
2024-11-22 19:01:28.624 [info] > git rev-parse --show-toplevel [2ms]
2024-11-22 19:01:28.624 [info] fatal: not a git repository (or any of the parent directories): .git
2024-11-22 19:01:28.635 [info] > git rev-parse --show-toplevel [2ms]
2024-11-22 19:01:28.635 [info] fatal: not a git repository (or any of the parent directories): .git
2024-11-22 19:01:28.644 [info] > git rev-parse --show-toplevel [1ms]
2024-11-22 19:01:28.644 [info] fatal: not a git repository (or any of the parent directories): .git
2024-11-22 19:01:28.657 [info] > git rev-parse --show-toplevel [1ms]
2024-11-22 19:01:28.657 [info] fatal: not a git repository (or any of the parent directories): .git
2024-11-22 19:01:28.666 [info] > git rev-parse --show-toplevel [1ms]
2024-11-22 19:01:28.666 [info] fatal: not a git repository (or any of the parent directories): .git
2024-11-22 19:01:28.693 [info] > git rev-parse --show-toplevel [17ms]
2024-11-22 19:01:28.693 [info] fatal: not a git repository (or any of the parent directories): .git
2024-11-22 19:01:28.709 [info] > git rev-parse --show-toplevel [5ms]
2024-11-22 19:01:28.709 [info] fatal: not a git repository (or any of the parent directories): .git
2024-11-22 19:01:28.724 [info] > git rev-parse --show-toplevel [2ms]
2024-11-22 19:01:28.724 [info] fatal: not a git repository (or any of the parent directories): .git
2024-11-22 19:01:28.740 [info] > git rev-parse --show-toplevel [6ms]
2024-11-22 19:01:28.740 [info] fatal: not a git repository (or any of the parent directories): .git
2024-11-22 19:01:28.749 [info] > git rev-parse --show-toplevel [2ms]
2024-11-22 19:01:28.749 [info] fatal: not a git repository (or any of the parent directories): .git
2024-11-22 19:01:28.760 [info] > git rev-parse --show-toplevel [2ms]
2024-11-22 19:01:28.760 [info] fatal: not a git repository (or any of the parent directories): .git
2024-11-22 19:01:28.770 [info] > git rev-parse --show-toplevel [2ms]
2024-11-22 19:01:28.770 [info] fatal: not a git repository (or any of the parent directories): .git
2024-11-22 19:01:28.784 [info] > git rev-parse --show-toplevel [3ms]
2024-11-22 19:01:28.784 [info] fatal: not a git repository (or any of the parent directories): .git
2024-11-22 19:01:28.795 [info] > git rev-parse --show-toplevel [3ms]
2024-11-22 19:01:28.795 [info] fatal: not a git repository (or any of the parent directories): .git
2024-11-22 19:01:28.805 [info] > git rev-parse --show-toplevel [3ms]
2024-11-22 19:01:28.805 [info] fatal: not a git repository (or any of the parent directories): .git
2024-11-22 19:01:28.818 [info] > git rev-parse --show-toplevel [3ms]
2024-11-22 19:01:28.818 [info] fatal: not a git repository (or any of the parent directories): .git
2024-11-22 19:01:28.830 [info] > git rev-parse --show-toplevel [5ms]
2024-11-22 19:01:28.830 [info] fatal: not a git repository (or any of the parent directories): .git
2024-11-22 19:01:28.842 [info] > git rev-parse --show-toplevel [2ms]
2024-11-22 19:01:28.842 [info] fatal: not a git repository (or any of the parent directories): .git
2024-11-22 19:01:28.854 [info] > git rev-parse --show-toplevel [2ms]
2024-11-22 19:01:28.854 [info] fatal: not a git repository (or any of the parent directories): .git
2024-11-22 19:01:28.866 [info] > git rev-parse --show-toplevel [4ms]
2024-11-22 19:01:28.866 [info] fatal: not a git repository (or any of the parent directories): .git
2024-11-22 19:01:28.922 [info] > git rev-parse --show-toplevel [49ms]
2024-11-22 19:01:28.922 [info] fatal: not a git repository (or any of the parent directories): .git
2024-11-22 19:01:28.935 [info] > git rev-parse --show-toplevel [2ms]
2024-11-22 19:01:28.935 [info] fatal: not a git repository (or any of the parent directories): .git
2024-11-22 19:01:28.961 [info] > git rev-parse --show-toplevel [20ms]
2024-11-22 19:01:28.961 [info] fatal: not a git repository (or any of the parent directories): .git
2024-11-22 19:01:28.990 [info] > git rev-parse --show-toplevel [20ms]
2024-11-22 19:01:28.990 [info] fatal: not a git repository (or any of the parent directories): .git
2024-11-22 19:01:29.003 [info] > git rev-parse --show-toplevel [4ms]
2024-11-22 19:01:29.003 [info] fatal: not a git repository (or any of the parent directories): .git
2024-11-22 19:01:29.014 [info] > git rev-parse --show-toplevel [2ms]
2024-11-22 19:01:29.014 [info] fatal: not a git repository (or any of the parent directories): .git
2024-11-22 19:01:29.027 [info] > git rev-parse --show-toplevel [2ms]
2024-11-22 19:01:29.027 [info] fatal: not a git repository (or any of the parent directories): .git
2024-11-22 19:01:29.038 [info] > git rev-parse --show-toplevel [2ms]
2024-11-22 19:01:29.038 [info] fatal: not a git repository (or any of the parent directories): .git
2024-11-22 19:01:29.050 [info] > git rev-parse --show-toplevel [3ms]
2024-11-22 19:01:29.050 [info] fatal: not a git repository (or any of the parent directories): .git
2024-11-22 19:01:29.062 [info] > git rev-parse --show-toplevel [1ms]
2024-11-22 19:01:29.062 [info] fatal: not a git repository (or any of the parent directories): .git
2024-11-22 19:01:29.073 [info] > git rev-parse --show-toplevel [3ms]
2024-11-22 19:01:29.073 [info] fatal: not a git repository (or any of the parent directories): .git
2024-11-22 19:01:29.099 [info] > git rev-parse --show-toplevel [2ms]
2024-11-22 19:01:29.099 [info] fatal: not a git repository (or any of the parent directories): .git
2024-11-22 19:01:29.110 [info] > git rev-parse --show-toplevel [1ms]
2024-11-22 19:01:29.110 [info] fatal: not a git repository (or any of the parent directories): .git
2024-11-22 19:01:29.119 [info] > git rev-parse --show-toplevel [2ms]
2024-11-22 19:01:29.119 [info] fatal: not a git repository (or any of the parent directories): .git
2024-11-22 19:01:29.130 [info] > git rev-parse --show-toplevel [2ms]
2024-11-22 19:01:29.130 [info] fatal: not a git repository (or any of the parent directories): .git
2024-11-22 19:01:29.141 [info] > git rev-parse --show-toplevel [4ms]
2024-11-22 19:01:29.141 [info] fatal: not a git repository (or any of the parent directories): .git
2024-11-22 19:01:29.154 [info] > git rev-parse --show-toplevel [4ms]
2024-11-22 19:01:29.154 [info] fatal: not a git repository (or any of the parent directories): .git
2024-11-22 19:01:29.164 [info] > git rev-parse --show-toplevel [3ms]
2024-11-22 19:01:29.164 [info] fatal: not a git repository (or any of the parent directories): .git
2024-11-22 19:01:29.178 [info] > git rev-parse --show-toplevel [4ms]
2024-11-22 19:01:29.178 [info] fatal: not a git repository (or any of the parent directories): .git
2024-11-22 19:01:29.189 [info] > git rev-parse --show-toplevel [2ms]
2024-11-22 19:01:29.189 [info] fatal: not a git repository (or any of the parent directories): .git
2024-11-22 19:01:29.199 [info] > git rev-parse --show-toplevel [2ms]
2024-11-22 19:01:29.199 [info] fatal: not a git repository (or any of the parent directories): .git
2024-11-22 19:01:29.211 [info] > git rev-parse --show-toplevel [1ms]
2024-11-22 19:01:29.211 [info] fatal: not a git repository (or any of the parent directories): .git
2024-11-22 19:01:29.222 [info] > git rev-parse --show-toplevel [2ms]
2024-11-22 19:01:29.222 [info] fatal: not a git repository (or any of the parent directories): .git
2024-11-22 19:01:29.232 [info] > git rev-parse --show-toplevel [2ms]
2024-11-22 19:01:29.232 [info] fatal: not a git repository (or any of the parent directories): .git
2024-11-22 19:01:29.244 [info] > git rev-parse --show-toplevel [2ms]
2024-11-22 19:01:29.244 [info] fatal: not a git repository (or any of the parent directories): .git
2024-11-22 19:01:29.254 [info] > git rev-parse --show-toplevel [2ms]
2024-11-22 19:01:29.254 [info] fatal: not a git repository (or any of the parent directories): .git
2024-11-22 19:01:29.278 [info] > git rev-parse --show-toplevel [9ms]
2024-11-22 19:01:29.278 [info] fatal: not a git repository (or any of the parent directories): .git
2024-11-22 19:01:29.289 [info] > git rev-parse --show-toplevel [3ms]
2024-11-22 19:01:29.289 [info] fatal: not a git repository (or any of the parent directories): .git
2024-11-22 19:01:29.301 [info] > git rev-parse --show-toplevel [2ms]
2024-11-22 19:01:29.301 [info] fatal: not a git repository (or any of the parent directories): .git
2024-11-22 19:01:29.310 [info] > git rev-parse --show-toplevel [2ms]
2024-11-22 19:01:29.310 [info] fatal: not a git repository (or any of the parent directories): .git
2024-11-22 19:01:29.321 [info] > git rev-parse --show-toplevel [2ms]
2024-11-22 19:01:29.321 [info] fatal: not a git repository (or any of the parent directories): .git
2024-11-22 19:01:29.333 [info] > git rev-parse --show-toplevel [2ms]
2024-11-22 19:01:29.333 [info] fatal: not a git repository (or any of the parent directories): .git
2024-11-22 19:01:29.377 [info] > git rev-parse --show-toplevel [35ms]
2024-11-22 19:01:29.377 [info] fatal: not a git repository (or any of the parent directories): .git
2024-11-22 19:01:29.388 [info] > git rev-parse --show-toplevel [3ms]
2024-11-22 19:01:29.388 [info] fatal: not a git repository (or any of the parent directories): .git
2024-11-22 19:01:29.405 [info] > git rev-parse --show-toplevel [9ms]
2024-11-22 19:01:29.405 [info] fatal: not a git repository (or any of the parent directories): .git
2024-11-22 19:01:29.419 [info] > git rev-parse --show-toplevel [5ms]
2024-11-22 19:01:29.419 [info] fatal: not a git repository (or any of the parent directories): .git
2024-11-22 19:01:29.428 [info] > git rev-parse --show-toplevel [2ms]
2024-11-22 19:01:29.428 [info] fatal: not a git repository (or any of the parent directories): .git
2024-11-22 19:01:29.437 [info] > git rev-parse --show-toplevel [1ms]
2024-11-22 19:01:29.437 [info] fatal: not a git repository (or any of the parent directories): .git
2024-11-22 19:01:29.452 [info] > git rev-parse --show-toplevel [6ms]
2024-11-22 19:01:29.453 [info] fatal: not a git repository (or any of the parent directories): .git
2024-11-22 19:01:29.463 [info] > git rev-parse --show-toplevel [2ms]
2024-11-22 19:01:29.463 [info] fatal: not a git repository (or any of the parent directories): .git
2024-11-22 19:01:29.476 [info] > git rev-parse --show-toplevel [2ms]
2024-11-22 19:01:29.476 [info] fatal: not a git repository (or any of the parent directories): .git
2024-11-22 19:01:29.485 [info] > git rev-parse --show-toplevel [1ms]
2024-11-22 19:01:29.485 [info] fatal: not a git repository (or any of the parent directories): .git
2024-11-22 19:01:29.494 [info] > git rev-parse --show-toplevel [2ms]
2024-11-22 19:01:29.494 [info] fatal: not a git repository (or any of the parent directories): .git
2024-11-22 19:01:29.505 [info] > git rev-parse --show-toplevel [2ms]
2024-11-22 19:01:29.505 [info] fatal: not a git repository (or any of the parent directories): .git
2024-11-22 19:01:29.514 [info] > git rev-parse --show-toplevel [1ms]
2024-11-22 19:01:29.514 [info] fatal: not a git repository (or any of the parent directories): .git
2024-11-22 19:01:29.535 [info] > git rev-parse --show-toplevel [2ms]
2024-11-22 19:01:29.535 [info] fatal: not a git repository (or any of the parent directories): .git
2024-11-22 19:01:29.590 [info] > git rev-parse --show-toplevel [25ms]
2024-11-22 19:01:29.590 [info] fatal: not a git repository (or any of the parent directories): .git
2024-11-22 19:01:29.600 [info] > git rev-parse --show-toplevel [2ms]
2024-11-22 19:01:29.600 [info] fatal: not a git repository (or any of the parent directories): .git
2024-11-22 19:01:29.617 [info] > git rev-parse --show-toplevel [2ms]
2024-11-22 19:01:29.617 [info] fatal: not a git repository (or any of the parent directories): .git
2024-11-22 19:01:29.628 [info] > git rev-parse --show-toplevel [1ms]
2024-11-22 19:01:29.628 [info] fatal: not a git repository (or any of the parent directories): .git
2024-11-22 19:01:29.638 [info] > git rev-parse --show-toplevel [2ms]
2024-11-22 19:01:29.638 [info] fatal: not a git repository (or any of the parent directories): .git
2024-11-22 19:01:29.648 [info] > git rev-parse --show-toplevel [2ms]
2024-11-22 19:01:29.648 [info] fatal: not a git repository (or any of the parent directories): .git
2024-11-22 19:01:29.660 [info] > git rev-parse --show-toplevel [1ms]
2024-11-22 19:01:29.660 [info] fatal: not a git repository (or any of the parent directories): .git
2024-11-22 19:01:29.670 [info] > git rev-parse --show-toplevel [2ms]
2024-11-22 19:01:29.670 [info] fatal: not a git repository (or any of the parent directories): .git
2024-11-22 19:01:29.684 [info] > git rev-parse --show-toplevel [2ms]
2024-11-22 19:01:29.684 [info] fatal: not a git repository (or any of the parent directories): .git
2024-11-22 19:01:29.695 [info] > git rev-parse --show-toplevel [2ms]
2024-11-22 19:01:29.695 [info] fatal: not a git repository (or any of the parent directories): .git
2024-11-22 19:01:29.705 [info] > git rev-parse --show-toplevel [2ms]
2024-11-22 19:01:29.705 [info] fatal: not a git repository (or any of the parent directories): .git
2024-11-22 19:01:29.717 [info] > git rev-parse --show-toplevel [3ms]
2024-11-22 19:01:29.717 [info] fatal: not a git repository (or any of the parent directories): .git
2024-11-22 19:01:29.728 [info] > git rev-parse --show-toplevel [2ms]
2024-11-22 19:01:29.728 [info] fatal: not a git repository (or any of the parent directories): .git
2024-11-22 19:01:29.738 [info] > git rev-parse --show-toplevel [2ms]
2024-11-22 19:01:29.738 [info] fatal: not a git repository (or any of the parent directories): .git
2024-11-22 19:01:29.749 [info] > git rev-parse --show-toplevel [2ms]
2024-11-22 19:01:29.749 [info] fatal: not a git repository (or any of the parent directories): .git
2024-11-22 19:01:29.781 [info] > git rev-parse --show-toplevel [24ms]
2024-11-22 19:01:29.781 [info] fatal: not a git repository (or any of the parent directories): .git
2024-11-22 19:01:29.790 [info] > git rev-parse --show-toplevel [2ms]
2024-11-22 19:01:29.790 [info] fatal: not a git repository (or any of the parent directories): .git
2024-11-22 19:01:29.801 [info] > git rev-parse --show-toplevel [1ms]
2024-11-22 19:01:29.801 [info] fatal: not a git repository (or any of the parent directories): .git
2024-11-22 19:01:29.812 [info] > git rev-parse --show-toplevel [3ms]
2024-11-22 19:01:29.812 [info] fatal: not a git repository (or any of the parent directories): .git
2024-11-22 19:01:29.822 [info] > git rev-parse --show-toplevel [2ms]
2024-11-22 19:01:29.822 [info] fatal: not a git repository (or any of the parent directories): .git
2024-11-22 19:01:29.835 [info] > git rev-parse --show-toplevel [5ms]
2024-11-22 19:01:29.835 [info] fatal: not a git repository (or any of the parent directories): .git
2024-11-22 19:01:30.768 [info] > git rev-parse --show-toplevel [2ms]
2024-11-22 19:01:30.768 [info] fatal: not a git repository (or any of the parent directories): .git
2024-11-22 19:01:32.392 [info] > git rev-parse --show-toplevel [6ms]
2024-11-22 19:01:32.392 [info] fatal: not a git repository (or any of the parent directories): .git
2024-11-22 19:01:32.404 [info] > git rev-parse --show-toplevel [3ms]
2024-11-22 19:01:32.404 [info] fatal: not a git repository (or any of the parent directories): .git
2024-11-22 19:01:32.415 [info] > git rev-parse --show-toplevel [1ms]
2024-11-22 19:01:32.416 [info] fatal: not a git repository (or any of the parent directories): .git
2024-11-22 19:01:46.717 [info] > git rev-parse --show-toplevel [2ms]
2024-11-22 19:01:46.729 [info] > git rev-parse --git-dir --git-common-dir [5ms]
2024-11-22 19:01:46.747 [info] [Model][openRepository] Opened repository: /home/ilia/myproject/frontend
2024-11-22 19:01:46.765 [info] [Git][getRemotes] No remotes found in the git config file
2024-11-22 19:01:46.766 [info] > git config --get commit.template [8ms]
2024-11-22 19:01:46.767 [info] > git for-each-ref --format=%(refname)%00%(upstream:short)%00%(objectname)%00%(upstream:track)%00%(upstream:remotename)%00%(upstream:remoteref) refs/heads/master refs/remotes/master [3ms]
2024-11-22 19:01:46.767 [warning] [Git][getBranch] No such branch: master
2024-11-22 19:01:46.783 [info] > git status -z -uall [10ms]
2024-11-22 19:01:46.788 [info] > git for-each-ref --sort -committerdate --format %(refname) %(objectname) %(*objectname) [7ms]
2024-11-22 19:01:46.828 [info] > git for-each-ref --format=%(refname)%00%(upstream:short)%00%(objectname)%00%(upstream:track)%00%(upstream:remotename)%00%(upstream:remoteref) refs/heads/master refs/remotes/master [22ms]
2024-11-22 19:01:46.829 [warning] [Git][getBranch] No such branch: master
2024-11-22 19:01:46.829 [error] [GitHistoryProvider][resolveHEADMergeBase] Failed to resolve merge base for master: Error: No such branch: master.
2024-11-22 19:01:46.832 [info] > git config --get commit.template [7ms]
2024-11-22 19:01:46.838 [info] [Git][getRemotes] No remotes found in the git config file
2024-11-22 19:01:46.853 [info] > git for-each-ref --format=%(refname)%00%(upstream:short)%00%(objectname)%00%(upstream:track)%00%(upstream:remotename)%00%(upstream:remoteref) refs/heads/master refs/remotes/master [15ms]
2024-11-22 19:01:46.853 [warning] [Git][getBranch] No such branch: master
2024-11-22 19:01:46.876 [info] > git status -z -uall [17ms]
2024-11-22 19:01:46.878 [info] > git for-each-ref --sort -committerdate --format %(refname) %(objectname) %(*objectname) [12ms]
2024-11-22 19:01:47.328 [info] > git check-ignore -v -z --stdin [2ms]
2024-11-22 19:01:58.438 [info] [Git][getRemotes] No remotes found in the git config file
2024-11-22 19:01:58.439 [info] > git config --get commit.template [7ms]
2024-11-22 19:01:58.439 [info] > git for-each-ref --format=%(refname)%00%(upstream:short)%00%(objectname)%00%(upstream:track)%00%(upstream:remotename)%00%(upstream:remoteref) refs/heads/master refs/remotes/master [1ms]
2024-11-22 19:01:58.439 [warning] [Git][getBranch] No such branch: master
2024-11-22 19:01:58.452 [info] > git status -z -uall [6ms]
2024-11-22 19:01:58.453 [info] > git for-each-ref --sort -committerdate --format %(refname) %(objectname) %(*objectname) [2ms]
2024-11-22 19:02:03.475 [info] [Git][getRemotes] No remotes found in the git config file
2024-11-22 19:02:03.476 [info] > git config --get commit.template [8ms]
2024-11-22 19:02:03.476 [info] > git for-each-ref --format=%(refname)%00%(upstream:short)%00%(objectname)%00%(upstream:track)%00%(upstream:remotename)%00%(upstream:remoteref) refs/heads/master refs/remotes/master [2ms]
2024-11-22 19:02:03.477 [warning] [Git][getBranch] No such branch: master
2024-11-22 19:02:03.490 [info] > git status -z -uall [7ms]
2024-11-22 19:02:03.491 [info] > git for-each-ref --sort -committerdate --format %(refname) %(objectname) %(*objectname) [2ms]
2024-11-22 19:02:08.504 [warning] [Git][getHEAD] Failed to parse HEAD file: ENOENT: no such file or directory, open '/home/ilia/myproject/frontend/.git/HEAD'
2024-11-22 19:02:08.511 [warning] [Git][getRemotes] Error: ENOENT: no such file or directory, open '/home/ilia/myproject/frontend/.git/config'
2024-11-22 19:02:08.519 [info] > git symbolic-ref --short HEAD [15ms]
2024-11-22 19:02:08.519 [info] fatal: not a git repository (or any of the parent directories): .git
2024-11-22 19:02:08.526 [info] > git config --get commit.template [8ms]
2024-11-22 19:02:08.526 [info] > git remote --verbose [15ms]
2024-11-22 19:02:08.526 [info] fatal: not a git repository (or any of the parent directories): .git
2024-11-22 19:02:08.540 [warning] [Git][getHEAD] Failed to parse HEAD file: ENOENT: no such file or directory, open '/home/ilia/myproject/frontend/.git/HEAD'
2024-11-22 19:02:08.546 [warning] [Git][getRemotes] Error: ENOENT: no such file or directory, open '/home/ilia/myproject/frontend/.git/config'
2024-11-22 19:02:08.555 [info] > git rev-parse HEAD [30ms]
2024-11-22 19:02:08.555 [info] fatal: not a git repository (or any of the parent directories): .git
2024-11-22 19:02:08.560 [info] > git remote --verbose [14ms]
2024-11-22 19:02:08.560 [info] fatal: not a git repository (or any of the parent directories): .git
2024-11-22 19:02:08.561 [info] > git symbolic-ref --short HEAD [20ms]
2024-11-22 19:02:08.561 [info] fatal: not a git repository (or any of the parent directories): .git
2024-11-22 19:02:08.568 [info] > git config --get commit.template [14ms]
2024-11-22 19:02:08.570 [info] > git rev-parse HEAD [3ms]
2024-11-22 19:02:08.570 [info] fatal: not a git repository (or any of the parent directories): .git
2024-11-22 19:05:10.426 [info] > git rev-parse --show-toplevel [2ms]
2024-11-22 19:05:10.426 [info] fatal: not a git repository (or any of the parent directories): .git
2024-11-22 19:09:38.897 [info] > git rev-parse --show-toplevel [3ms]
2024-11-22 19:09:38.897 [info] fatal: not a git repository (or any of the parent directories): .git
2024-11-22 19:10:28.808 [info] > git rev-parse --show-toplevel [3ms]
2024-11-22 19:10:28.808 [info] fatal: not a git repository (or any of the parent directories): .git
2024-11-22 19:11:21.946 [info] > git rev-parse --show-toplevel [2ms]
2024-11-22 19:11:21.946 [info] fatal: not a git repository (or any of the parent directories): .git
2024-11-22 19:14:02.036 [info] > git rev-parse --show-toplevel [2ms]
2024-11-22 19:14:02.036 [info] fatal: not a git repository (or any of the parent directories): .git
2024-11-22 19:18:02.754 [info] > git rev-parse --show-toplevel [2ms]
2024-11-22 19:18:02.754 [info] fatal: not a git repository (or any of the parent directories): .git
2024-11-22 19:19:30.952 [info] > git rev-parse --show-toplevel [1ms]
2024-11-22 19:19:30.952 [info] fatal: not a git repository (or any of the parent directories): .git
2024-11-22 19:29:26.900 [info] > git rev-parse --show-toplevel [26ms]
2024-11-22 19:29:26.901 [info] fatal: not a git repository (or any of the parent directories): .git
2024-11-22 19:29:30.992 [info] > git rev-parse --show-toplevel [4ms]
2024-11-22 19:29:30.992 [info] fatal: not a git repository (or any of the parent directories): .git
2024-11-22 19:29:51.201 [info] > git rev-parse --show-toplevel [4ms]
2024-11-22 19:29:51.201 [info] fatal: not a git repository (or any of the parent directories): .git
2024-11-22 19:32:36.049 [info] > git rev-parse --show-toplevel [10ms]
2024-11-22 19:32:36.050 [info] fatal: not a git repository (or any of the parent directories): .git
2024-11-22 19:32:51.678 [info] > git rev-parse --show-toplevel [2ms]
2024-11-22 19:32:51.678 [info] fatal: not a git repository (or any of the parent directories): .git
2024-11-22 19:35:33.561 [info] > git rev-parse --show-toplevel [9ms]
2024-11-22 19:35:33.561 [info] fatal: not a git repository (or any of the parent directories): .git
2024-11-22 19:37:46.298 [info] > git rev-parse --show-toplevel [3ms]
2024-11-22 19:37:46.298 [info] fatal: not a git repository (or any of the parent directories): .git
2024-11-22 19:40:01.355 [info] > git rev-parse --show-toplevel [4ms]
2024-11-22 19:40:01.355 [info] fatal: not a git repository (or any of the parent directories): .git
2024-11-22 19:40:11.370 [info] > git rev-parse --show-toplevel [2ms]
2024-11-22 19:40:11.370 [info] fatal: not a git repository (or any of the parent directories): .git
2024-11-22 19:40:40.910 [info] > git rev-parse --show-toplevel [6ms]
2024-11-22 19:40:40.910 [info] fatal: not a git repository (or any of the parent directories): .git
2024-11-22 19:43:30.198 [info] > git rev-parse --show-toplevel [3ms]
2024-11-22 19:43:30.198 [info] fatal: not a git repository (or any of the parent directories): .git
2024-11-22 19:44:05.585 [info] > git rev-parse --show-toplevel [2ms]
2024-11-22 19:44:05.585 [info] fatal: not a git repository (or any of the parent directories): .git
2024-11-22 19:46:29.814 [info] > git rev-parse --show-toplevel [10ms]
2024-11-22 19:46:29.815 [info] fatal: not a git repository (or any of the parent directories): .git
2024-11-22 19:48:20.780 [info] > git rev-parse --show-toplevel [4ms]
2024-11-22 19:48:20.780 [info] fatal: not a git repository (or any of the parent directories): .git
2024-11-22 19:50:09.352 [info] > git rev-parse --show-toplevel [4ms]
2024-11-22 19:50:09.353 [info] fatal: not a git repository (or any of the parent directories): .git
2024-11-22 19:50:24.673 [info] > git rev-parse --show-toplevel [4ms]
2024-11-22 19:50:24.673 [info] fatal: not a git repository (or any of the parent directories): .git
2024-11-22 19:51:03.978 [info] > git rev-parse --show-toplevel [1ms]
2024-11-22 19:51:03.979 [info] fatal: not a git repository (or any of the parent directories): .git
2024-11-22 19:58:59.287 [info] > git rev-parse --show-toplevel [3ms]
2024-11-22 19:58:59.287 [info] fatal: not a git repository (or any of the parent directories): .git
2024-11-22 19:59:18.671 [info] > git rev-parse --show-toplevel [6ms]
2024-11-22 19:59:18.671 [info] fatal: not a git repository (or any of the parent directories): .git
2024-11-22 19:59:39.078 [info] > git rev-parse --show-toplevel [3ms]
2024-11-22 19:59:39.078 [info] fatal: not a git repository (or any of the parent directories): .git
2024-11-22 19:59:56.363 [info] > git rev-parse --show-toplevel [2ms]
2024-11-22 19:59:56.363 [info] fatal: not a git repository (or any of the parent directories): .git
2024-11-22 20:00:08.785 [info] > git rev-parse --show-toplevel [3ms]
2024-11-22 20:00:08.785 [info] fatal: not a git repository (or any of the parent directories): .git
2024-11-22 20:07:01.879 [info] > git rev-parse --show-toplevel [3ms]
2024-11-22 20:07:01.879 [info] fatal: not a git repository (or any of the parent directories): .git
2024-11-22 20:07:22.475 [info] > git rev-parse --show-toplevel [2ms]
2024-11-22 20:07:22.475 [info] fatal: not a git repository (or any of the parent directories): .git
2024-11-22 20:07:53.678 [info] > git rev-parse --show-toplevel [2ms]
2024-11-22 20:07:53.678 [info] fatal: not a git repository (or any of the parent directories): .git
2024-11-22 20:08:19.319 [info] > git rev-parse --show-toplevel [2ms]
2024-11-22 20:08:19.319 [info] fatal: not a git repository (or any of the parent directories): .git
2024-11-22 20:08:35.786 [info] > git rev-parse --show-toplevel [2ms]
2024-11-22 20:08:35.786 [info] fatal: not a git repository (or any of the parent directories): .git
2024-11-22 20:08:47.380 [info] > git rev-parse --show-toplevel [4ms]
2024-11-22 20:08:47.380 [info] fatal: not a git repository (or any of the parent directories): .git
2024-11-22 20:12:59.884 [info] > git rev-parse --show-toplevel [2ms]
2024-11-22 20:12:59.884 [info] fatal: not a git repository (or any of the parent directories): .git
2024-11-22 20:13:10.321 [info] > git rev-parse --show-toplevel [3ms]
2024-11-22 20:13:10.321 [info] fatal: not a git repository (or any of the parent directories): .git
2024-11-22 20:13:36.235 [info] > git rev-parse --show-toplevel [2ms]
2024-11-22 20:13:36.236 [info] fatal: not a git repository (or any of the parent directories): .git
2024-11-22 20:13:44.317 [info] > git rev-parse --show-toplevel [4ms]
2024-11-22 20:13:44.317 [info] fatal: not a git repository (or any of the parent directories): .git
2024-11-22 20:14:09.656 [info] > git rev-parse --show-toplevel [3ms]
2024-11-22 20:14:09.656 [info] fatal: not a git repository (or any of the parent directories): .git
2024-11-22 20:14:19.941 [info] > git rev-parse --show-toplevel [4ms]
2024-11-22 20:14:19.941 [info] fatal: not a git repository (or any of the parent directories): .git
2024-11-22 20:18:35.056 [info] > git rev-parse --show-toplevel [2ms]
2024-11-22 20:18:35.056 [info] fatal: not a git repository (or any of the parent directories): .git
2024-11-22 20:18:44.077 [info] > git rev-parse --show-toplevel [4ms]
2024-11-22 20:18:44.077 [info] fatal: not a git repository (or any of the parent directories): .git
2024-11-22 20:19:05.170 [info] > git rev-parse --show-toplevel [5ms]
2024-11-22 20:19:05.170 [info] fatal: not a git repository (or any of the parent directories): .git
2024-11-22 20:19:18.904 [info] > git rev-parse --show-toplevel [1ms]
2024-11-22 20:19:18.904 [info] fatal: not a git repository (or any of the parent directories): .git
2024-11-22 20:19:35.259 [info] > git rev-parse --show-toplevel [4ms]
2024-11-22 20:19:35.259 [info] fatal: not a git repository (or any of the parent directories): .git
2024-11-22 20:19:42.769 [info] > git rev-parse --show-toplevel [2ms]
2024-11-22 20:19:42.769 [info] fatal: not a git repository (or any of the parent directories): .git
2024-11-22 20:19:52.851 [info] > git rev-parse --show-toplevel [9ms]
2024-11-22 20:19:52.851 [info] fatal: not a git repository (or any of the parent directories): .git
2024-11-22 20:22:07.804 [info] > git rev-parse --show-toplevel [2ms]
2024-11-22 20:22:07.804 [info] fatal: not a git repository (or any of the parent directories): .git
2024-11-22 20:22:31.755 [info] > git rev-parse --show-toplevel [2ms]
2024-11-22 20:22:31.755 [info] fatal: not a git repository (or any of the parent directories): .git
2024-11-22 20:22:49.852 [info] > git rev-parse --show-toplevel [4ms]
2024-11-22 20:22:49.852 [info] fatal: not a git repository (or any of the parent directories): .git
2024-11-22 20:23:00.500 [info] > git rev-parse --show-toplevel [1ms]
2024-11-22 20:23:00.500 [info] fatal: not a git repository (or any of the parent directories): .git
2024-11-22 20:23:33.626 [info] > git rev-parse --show-toplevel [3ms]
2024-11-22 20:23:33.626 [info] fatal: not a git repository (or any of the parent directories): .git
2024-11-22 20:25:16.433 [info] > git rev-parse --show-toplevel [2ms]
2024-11-22 20:25:16.433 [info] fatal: not a git repository (or any of the parent directories): .git
2024-11-22 20:25:17.089 [info] > git rev-parse --show-toplevel [4ms]
2024-11-22 20:25:17.089 [info] fatal: not a git repository (or any of the parent directories): .git
2024-11-22 20:26:01.607 [info] > git rev-parse --show-toplevel [6ms]
2024-11-22 20:26:01.607 [info] fatal: not a git repository (or any of the parent directories): .git
2024-11-22 20:28:13.559 [info] > git rev-parse --show-toplevel [5ms]
2024-11-22 20:28:13.559 [info] fatal: not a git repository (or any of the parent directories): .git
2024-11-22 20:28:32.122 [info] > git rev-parse --show-toplevel [6ms]
2024-11-22 20:28:32.122 [info] fatal: not a git repository (or any of the parent directories): .git
2024-11-22 20:30:53.425 [info] > git rev-parse --show-toplevel [2ms]
2024-11-22 20:30:53.425 [info] fatal: not a git repository (or any of the parent directories): .git
2024-11-22 20:31:08.552 [info] > git rev-parse --show-toplevel [1ms]
2024-11-22 20:31:08.552 [info] fatal: not a git repository (or any of the parent directories): .git
2024-11-22 20:31:30.130 [info] > git rev-parse --show-toplevel [3ms]
2024-11-22 20:31:30.130 [info] fatal: not a git repository (or any of the parent directories): .git
2024-11-22 20:41:38.625 [info] > git rev-parse --show-toplevel [4ms]
2024-11-22 20:41:38.625 [info] fatal: not a git repository (or any of the parent directories): .git
2024-11-22 20:41:45.931 [info] > git rev-parse --show-toplevel [2ms]
2024-11-22 20:41:45.931 [info] fatal: not a git repository (or any of the parent directories): .git
2024-11-22 20:47:39.218 [info] > git rev-parse --show-toplevel [10ms]
2024-11-22 20:47:39.218 [info] fatal: not a git repository (or any of the parent directories): .git
2024-11-22 20:49:02.313 [info] > git rev-parse --show-toplevel [7ms]
2024-11-22 20:49:02.313 [info] fatal: not a git repository (or any of the parent directories): .git
2024-11-22 20:49:34.290 [info] > git rev-parse --show-toplevel [3ms]
2024-11-22 20:49:34.290 [info] fatal: not a git repository (or any of the parent directories): .git
2024-11-22 20:50:06.869 [info] > git rev-parse --show-toplevel [9ms]
2024-11-22 20:50:06.869 [info] fatal: not a git repository (or any of the parent directories): .git
2024-11-22 20:52:12.050 [info] > git rev-parse --show-toplevel [4ms]
2024-11-22 20:52:12.051 [info] fatal: not a git repository (or any of the parent directories): .git
2024-11-22 20:52:49.379 [info] > git rev-parse --show-toplevel [2ms]
2024-11-22 20:52:49.379 [info] fatal: not a git repository (or any of the parent directories): .git
2024-11-22 20:59:50.165 [info] > git rev-parse --show-toplevel [2ms]
2024-11-22 20:59:50.165 [info] fatal: not a git repository (or any of the parent directories): .git
2024-11-22 21:01:35.961 [info] > git rev-parse --show-toplevel [5ms]
2024-11-22 21:01:35.961 [info] fatal: not a git repository (or any of the parent directories): .git
2024-11-22 21:01:52.470 [info] > git rev-parse --show-toplevel [2ms]
2024-11-22 21:01:52.470 [info] fatal: not a git repository (or any of the parent directories): .git
2024-11-22 21:02:09.729 [info] > git rev-parse --show-toplevel [9ms]
2024-11-22 21:02:09.729 [info] fatal: not a git repository (or any of the parent directories): .git
2024-11-22 21:02:10.616 [info] > git rev-parse --show-toplevel [1ms]
2024-11-22 21:02:10.616 [info] fatal: not a git repository (or any of the parent directories): .git
2024-11-22 21:09:40.369 [info] > git rev-parse --show-toplevel [3ms]
2024-11-22 21:09:40.369 [info] fatal: not a git repository (or any of the parent directories): .git
2024-11-22 21:10:02.263 [info] > git rev-parse --show-toplevel [4ms]
2024-11-22 21:10:02.264 [info] fatal: not a git repository (or any of the parent directories): .git
2024-11-22 21:17:29.688 [info] > git rev-parse --show-toplevel [2ms]
2024-11-22 21:17:29.688 [info] fatal: not a git repository (or any of the parent directories): .git
2024-11-22 21:17:56.048 [info] > git rev-parse --show-toplevel [2ms]
2024-11-22 21:17:56.048 [info] fatal: not a git repository (or any of the parent directories): .git
2024-11-22 21:19:25.296 [info] > git rev-parse --show-toplevel [3ms]
2024-11-22 21:19:25.296 [info] fatal: not a git repository (or any of the parent directories): .git
2024-11-22 21:20:48.452 [info] > git rev-parse --show-toplevel [8ms]
2024-11-22 21:20:48.452 [info] fatal: not a git repository (or any of the parent directories): .git
2024-11-22 21:21:12.531 [info] > git rev-parse --show-toplevel [2ms]
2024-11-22 21:21:12.531 [info] fatal: not a git repository (or any of the parent directories): .git
